0 info it worked if it ends with ok
1 verbose cli [ '/usr/local/Cellar/node/4.1.2/bin/node',
1 verbose cli   '/usr/local/bin/npm',
1 verbose cli   'run',
1 verbose cli   'build-win' ]
2 info using npm@2.14.6
3 info using node@v4.1.2
4 verbose run-script [ 'prebuild-win', 'build-win', 'postbuild-win' ]
5 info prebuild-win dcard-card-bar@0.0.1
6 info build-win dcard-card-bar@0.0.1
7 verbose unsafe-perm in lifecycle true
8 info dcard-card-bar@0.0.1 Failed to exec build-win script
9 verbose stack Error: dcard-card-bar@0.0.1 build-win: `electron-packager . dcard-card-bar --platform=win32 --arch=x64 --version=0.34.2 --overwrite --icon=Icon.ico`
9 verbose stack Exit status 1
9 verbose stack     at EventEmitter.<anonymous> (/usr/local/lib/node_modules/npm/lib/utils/lifecycle.js:214:16)
9 verbose stack     at emitTwo (events.js:87:13)
9 verbose stack     at EventEmitter.emit (events.js:172:7)
9 verbose stack     at ChildProcess.<anonymous> (/usr/local/lib/node_modules/npm/lib/utils/spawn.js:24:14)
9 verbose stack     at emitTwo (events.js:87:13)
9 verbose stack     at ChildProcess.emit (events.js:172:7)
9 verbose stack     at maybeClose (internal/child_process.js:818:16)
9 verbose stack     at Process.ChildProcess._handle.onexit (internal/child_process.js:211:5)
10 verbose pkgid dcard-card-bar@0.0.1
11 verbose cwd /Users/Calvin/Documents/GoogleDrive/Projects/node.js/dcard-card-bar
12 error Darwin 15.0.0
13 error argv "/usr/local/Cellar/node/4.1.2/bin/node" "/usr/local/bin/npm" "run" "build-win"
14 error node v4.1.2
15 error npm  v2.14.6
16 error code ELIFECYCLE
17 error dcard-card-bar@0.0.1 build-win: `electron-packager . dcard-card-bar --platform=win32 --arch=x64 --version=0.34.2 --overwrite --icon=Icon.ico`
17 error Exit status 1
18 error Failed at the dcard-card-bar@0.0.1 build-win script 'electron-packager . dcard-card-bar --platform=win32 --arch=x64 --version=0.34.2 --overwrite --icon=Icon.ico'.
18 error This is most likely a problem with the dcard-card-bar package,
18 error not with npm itself.
18 error Tell the author that this fails on your system:
18 error     electron-packager . dcard-card-bar --platform=win32 --arch=x64 --version=0.34.2 --overwrite --icon=Icon.ico
18 error You can get their info via:
18 error     npm owner ls dcard-card-bar
18 error There is likely additional logging output above.
19 verbose exit [ 1, true ]
